c:\users\100619082\documents\visual studio 2017\projects\compgraphics_tutorial\compgraphics_tut_01\compgraphics_tut_01\debug\vc141.pdb
c:\users\100619082\documents\visual studio 2017\projects\compgraphics_tutorial\compgraphics_tut_01\compgraphics_tut_01\debug\vc141.idb
c:\users\100619082\documents\visual studio 2017\projects\compgraphics_tutorial\compgraphics_tut_01\compgraphics_tut_01\debug\game.obj
c:\users\100619082\documents\visual studio 2017\projects\compgraphics_tutorial\compgraphics_tut_01\compgraphics_tut_01\debug\main.obj
c:\users\100619082\documents\visual studio 2017\projects\compgraphics_tutorial\compgraphics_tut_01\compgraphics_tut_01\debug\mesh.obj
c:\users\100619082\documents\visual studio 2017\projects\compgraphics_tutorial\compgraphics_tut_01\compgraphics_tut_01\debug\shaderprogram.obj
c:\users\100619082\documents\visual studio 2017\projects\compgraphics_tutorial\compgraphics_tut_01\compgraphics_tut_01\debug\timer.obj
c:\users\100619082\documents\visual studio 2017\projects\compgraphics_assignment 1\compgraphics_tutorial\compgraphics_tut_01\compgraphics_tut_01\debug\vc141.pdb
c:\users\100619082\documents\visual studio 2017\projects\compgraphics_assignment 1\compgraphics_tutorial\compgraphics_tut_01\compgraphics_tut_01\debug\vc141.idb
c:\users\100619082\documents\visual studio 2017\projects\compgraphics_assignment 1\compgraphics_tutorial\compgraphics_tut_01\compgraphics_tut_01\debug\game.obj
c:\users\100619082\documents\visual studio 2017\projects\compgraphics_assignment 1\compgraphics_tutorial\compgraphics_tut_01\compgraphics_tut_01\debug\main.obj
c:\users\100619082\documents\visual studio 2017\projects\compgraphics_assignment 1\compgraphics_tutorial\compgraphics_tut_01\compgraphics_tut_01\debug\mesh.obj
c:\users\100619082\documents\visual studio 2017\projects\compgraphics_assignment 1\compgraphics_tutorial\compgraphics_tut_01\compgraphics_tut_01\debug\shaderprogram.obj
c:\users\100619082\documents\visual studio 2017\projects\compgraphics_assignment 1\compgraphics_tutorial\compgraphics_tut_01\compgraphics_tut_01\debug\timer.obj
c:\users\100619082\documents\visual studio 2017\projects\compgraphics_assignment 1\compgraphics_tutorial\compgraphics_tut_01\compgraphics_tut_01\debug\gameobject.obj
c:\users\100619082\documents\visual studio 2017\projects\compgraphics_tutorial\compgraphics_tut_01\debug\compgraphics_tut_01.exe
c:\users\100619082\documents\visual studio 2017\projects\compgraphics_tutorial\compgraphics_tut_01\debug\compgraphics_tut_01.ilk
c:\users\100619082\documents\visual studio 2017\projects\compgraphics_tutorial\compgraphics_tut_01\debug\compgraphics_tut_01.pdb
c:\users\100619082\documents\visual studio 2017\projects\compgraphics_assignment 1\compgraphics_tutorial\compgraphics_tut_01\debug\compgraphics_tut_01.exe
c:\users\100619082\documents\visual studio 2017\projects\compgraphics_assignment 1\compgraphics_tutorial\compgraphics_tut_01\debug\compgraphics_tut_01.ilk
c:\users\100619082\documents\visual studio 2017\projects\compgraphics_assignment 1\compgraphics_tutorial\compgraphics_tut_01\debug\compgraphics_tut_01.pdb
c:\users\100619082\documents\visual studio 2017\projects\compgraphics_assignment 1\compgraphics_tutorial\compgraphics_tut_01\compgraphics_tut_01\debug\compgrap.333719a8.tlog\cl.command.1.tlog
c:\users\100619082\documents\visual studio 2017\projects\compgraphics_assignment 1\compgraphics_tutorial\compgraphics_tut_01\compgraphics_tut_01\debug\compgrap.333719a8.tlog\cl.read.1.tlog
c:\users\100619082\documents\visual studio 2017\projects\compgraphics_assignment 1\compgraphics_tutorial\compgraphics_tut_01\compgraphics_tut_01\debug\compgrap.333719a8.tlog\cl.write.1.tlog
c:\users\100619082\documents\visual studio 2017\projects\compgraphics_assignment 1\compgraphics_tutorial\compgraphics_tut_01\compgraphics_tut_01\debug\compgrap.333719a8.tlog\link.command.1.tlog
c:\users\100619082\documents\visual studio 2017\projects\compgraphics_assignment 1\compgraphics_tutorial\compgraphics_tut_01\compgraphics_tut_01\debug\compgrap.333719a8.tlog\link.read.1.tlog
c:\users\100619082\documents\visual studio 2017\projects\compgraphics_assignment 1\compgraphics_tutorial\compgraphics_tut_01\compgraphics_tut_01\debug\compgrap.333719a8.tlog\link.write.1.tlog
